2018-10-28 09:44:42,325 - src.Screens - INFO - Started Main Menue
2018-10-28 09:44:43,341 - src.Screens - INFO - New Game
2018-10-28 09:44:43,917 - src.Screens - INFO - Start Game
2018-10-28 09:44:43,917 - src.Screens - INFO - The map_path to load is maps/level_2.map
2018-10-28 09:44:43,929 - src.GameMechanics - INFO - Miscellaneous: None
2018-10-28 09:44:43,930 - src.GameMechanics - INFO - Season: Summer
2018-10-28 09:44:43,930 - src.GameMechanics - INFO - Resources: {'wood': 100, 'stone': 100, 'iron': 100}
2018-10-28 09:44:44,094 - src.GameMechanics - INFO - NEW GAME
2018-10-28 09:44:44,720 - src.GameMechanics - INFO - DAS IST EIN TEST info DAS SOLLTE FUNSEN
2018-10-28 09:44:44,729 - src.GameMechanics - INFO - Song playingC:\Users\Admin\PycharmProjects\game\sounds/music/Glorious_Morning_Waterflame.mp3
2018-10-28 09:44:45,924 - src.GameMechanics - INFO - Clicked at: 605 ,523
2018-10-28 10:03:49,531 - src.Screens - INFO - Started Main Menue
2018-10-28 10:04:02,616 - src.Screens - INFO - Load Game
2018-10-28 10:04:03,350 - src.Screens - INFO - Start Game
2018-10-28 10:04:03,350 - src.Screens - INFO - The map_path to load is C:\Users\Admin\PycharmProjects\game\saves\save_game2.json
2018-10-28 10:04:03,381 - src.GameMechanics - INFO - Miscellaneous: None
2018-10-28 10:04:03,382 - src.GameMechanics - INFO - Season: Summer
2018-10-28 10:04:03,382 - src.GameMechanics - INFO - Resources: {'wood': 11, 'stone': 1.5, 'iron': 4.3}
2018-10-28 10:04:58,846 - src.Screens - INFO - Started Main Menue
2018-10-28 10:05:00,071 - src.Screens - INFO - New Game
2018-10-28 10:05:00,615 - src.Screens - INFO - Start Game
2018-10-28 10:05:00,615 - src.Screens - INFO - The map_path to load is maps/level_2.map
2018-10-28 10:05:00,616 - src.GameMechanics - INFO - Miscellaneous: None
2018-10-28 10:05:00,617 - src.GameMechanics - INFO - Season: Summer
2018-10-28 10:05:00,617 - src.GameMechanics - INFO - Resources: {'wood': 100, 'stone': 100, 'iron': 100}
2018-10-28 10:05:16,482 - src.Screens - INFO - Started Main Menue
2018-10-28 10:05:18,258 - src.Screens - INFO - Load Game
2018-10-28 10:05:19,726 - src.Screens - INFO - Start Game
2018-10-28 10:05:19,727 - src.Screens - INFO - The map_path to load is C:\Users\Admin\PycharmProjects\game\saves\LJT2Test.json
2018-10-28 10:05:19,737 - src.GameMechanics - INFO - Miscellaneous: None
2018-10-28 10:05:19,740 - src.GameMechanics - INFO - Season: Summer
2018-10-28 10:05:19,742 - src.GameMechanics - INFO - Resources: {'wood': 72.0, 'stone': 40, 'iron': 55}
2018-10-28 10:06:01,268 - src.Screens - INFO - Started Main Menue
2018-10-28 10:06:02,071 - src.Screens - INFO - Load Game
2018-10-28 10:06:02,935 - src.Screens - INFO - Start Game
2018-10-28 10:06:02,935 - src.Screens - INFO - The map_path to load is C:\Users\Admin\PycharmProjects\game\saves\save_game2.json
2018-10-28 10:06:02,936 - src.GameMechanics - INFO - Miscellaneous: None
2018-10-28 10:06:02,936 - src.GameMechanics - INFO - Season: Summer
2018-10-28 10:06:02,938 - src.GameMechanics - INFO - Resources: {'wood': 11, 'stone': 1.5, 'iron': 4.3}
2018-10-28 10:06:20,676 - src.Screens - INFO - Started Main Menue
2018-10-28 10:06:21,501 - src.Screens - INFO - New Game
2018-10-28 10:06:22,000 - src.Screens - INFO - Start Game
2018-10-28 10:06:22,001 - src.Screens - INFO - The map_path to load is maps/level_2.map
2018-10-28 10:06:22,002 - src.GameMechanics - INFO - Miscellaneous: None
2018-10-28 10:06:22,003 - src.GameMechanics - INFO - Season: Summer
2018-10-28 10:06:22,004 - src.GameMechanics - INFO - Resources: {'wood': 100, 'stone': 100, 'iron': 100}
2018-10-28 10:06:22,194 - src.GameMechanics - INFO - NEW GAME
2018-10-28 10:06:22,860 - src.GameMechanics - INFO - DAS IST EIN TEST info DAS SOLLTE FUNSEN
2018-10-28 10:06:22,880 - src.GameMechanics - INFO - Song playingC:\Users\Admin\PycharmProjects\game\sounds/music/Glorious_Morning_Waterflame.mp3
